Created by PLY version 3.11 (http://www.dabeaz.com/ply)

Grammar

Rule 0     S' -> for_loop
Rule 1     for_loop -> FOR WORD WORD WORD
Rule 2     expression -> WORD
Rule 3     expression -> NUMBER

Terminals, with rules where they appear

FOR                  : 1
NUMBER               : 3
WORD                 : 1 1 1 2
error                : 

Nonterminals, with rules where they appear

expression           : 
for_loop             : 0

Parsing method: LALR

state 0

    (0) S' -> . for_loop
    (1) for_loop -> . FOR WORD WORD WORD

    FOR             shift and go to state 2

    for_loop                       shift and go to state 1

state 1

    (0) S' -> for_loop .



state 2

    (1) for_loop -> FOR . WORD WORD WORD

    WORD            shift and go to state 3


state 3

    (1) for_loop -> FOR WORD . WORD WORD

    WORD            shift and go to state 4


state 4

    (1) for_loop -> FOR WORD WORD . WORD

    WORD            shift and go to state 5


state 5

    (1) for_loop -> FOR WORD WORD WORD .

    $end            reduce using rule 1 (for_loop -> FOR WORD WORD WORD .)

